<?xml version="1.0" encoding="UTF-8"?>
<!-- Generated by org.testng.reporters.JUnitReportReporter -->
<testsuite hostname="VISHNU-PC" name="euro.genomics.scripts.ValidLogin" tests="3" failures="0" timestamp="23 Dec 2016 01:59:17 GMT" time="49.916" errors="0">
  <testcase name="testValidLoginLogout" time="15.592" classname="euro.genomics.scripts.ValidLogin"/>
  <testcase name="testValidLoginLogout" time="17.069" classname="euro.genomics.scripts.ValidLogin"/>
  <testcase name="testValidLoginLogout" time="17.255" classname="euro.genomics.scripts.ValidLogin"/>
</testsuite> <!-- euro.genomics.scripts.ValidLogin -->
