<?xml version="1.0" encoding="UTF-8"?>
<!-- Generated by org.testng.reporters.JUnitReportReporter -->
<testsuite hostname="VISHNU-PC" name="euro.genomics.scripts.InvalidLogin" tests="3" failures="0" timestamp="23 Dec 2016 01:59:17 GMT" time="122.808" errors="0">
  <testcase name="testInvaliLogin" time="50.498" classname="euro.genomics.scripts.InvalidLogin"/>
  <testcase name="testInvaliLogin" time="32.355" classname="euro.genomics.scripts.InvalidLogin"/>
  <testcase name="testInvaliLogin" time="39.955" classname="euro.genomics.scripts.InvalidLogin"/>
</testsuite> <!-- euro.genomics.scripts.InvalidLogin -->
