<?xml version="1.0" encoding="UTF-8"?>
<!-- Generated by org.testng.reporters.JUnitReportReporter -->
<testsuite hostname="VISHNU-PC" name="euro.genomics.scripts.VerifyProductVersion" tests="3" failures="0" timestamp="23 Dec 2016 01:59:17 GMT" time="78.115" errors="0">
  <testcase name="testVerifyProductVersion" time="31.652" classname="euro.genomics.scripts.VerifyProductVersion"/>
  <testcase name="testVerifyProductVersion" time="30.067" classname="euro.genomics.scripts.VerifyProductVersion"/>
  <testcase name="testVerifyProductVersion" time="16.396" classname="euro.genomics.scripts.VerifyProductVersion"/>
</testsuite> <!-- euro.genomics.scripts.VerifyProductVersion -->
